Using pre-set license
Built from '2020.2/release' branch; Version is '2020.2.1f1 (270dd8c3da1c) revision 2559448'; Using compiler version '192528614'; Build Type 'Release'
OS: 'Windows 10  (10.0.0) 64bit' Language: 'pt' Physical Memory: 16334 MB
BatchMode: 1, IsHumanControllingUs: 0, StartBugReporterOnCrash: 0, Is64bit: 1, IsPro: 0

 COMMAND LINE ARGUMENTS:
C:\Program Files\Unity\Hub\Editor\2020.2.1f1\Editor\Unity.exe
-adb2
-batchMode
-noUpm
-name
AssetImportWorker0
-projectPath
C:/Users/Rui/Desktop/Proj_AC3/diabete
-logFile
Logs/AssetImportWorker0.log
-srvPort
57286
Successfully changed project path to: C:/Users/Rui/Desktop/Proj_AC3/diabete
C:/Users/Rui/Desktop/Proj_AC3/diabete
Using Asset Import Pipeline V2.
Refreshing native plugins compatible for Editor in 21.33 ms, found 0 plugins.
Preloading 0 native plugins for Editor in 0.00 ms.
Initialize engine version: 2020.2.1f1 (270dd8c3da1c)
[Subsystems] Discovering subsystems at path C:/Program Files/Unity/Hub/Editor/2020.2.1f1/Editor/Data/Resources/UnitySubsystems
[Subsystems] Discovering subsystems at path C:/Users/Rui/Desktop/Proj_AC3/diabete/Assets
GfxDevice: creating device client; threaded=0
Direct3D:
    Version:  Direct3D 11.0 [level 11.1]
    Renderer: NVIDIA GeForce GTX 1080 (ID=0x1b80)
    Vendor:   
    VRAM:     8079 MB
    Driver:   27.21.14.6140
Initialize mono
Mono path[0] = 'C:/Program Files/Unity/Hub/Editor/2020.2.1f1/Editor/Data/Managed'
Mono path[1] = 'C:/Program Files/Unity/Hub/Editor/2020.2.1f1/Editor/Data/MonoBleedingEdge/lib/mono/unityjit'
Mono config path = 'C:/Program Files/Unity/Hub/Editor/2020.2.1f1/Editor/Data/MonoBleedingEdge/etc'
Using monoOptions --debugger-agent=transport=dt_socket,embedding=1,server=y,suspend=n,address=127.0.0.1:56412
Begin MonoManager ReloadAssembly
Registering precompiled unity dll's ...
Register platform support module: C:/Program Files/Unity/Hub/Editor/2020.2.1f1/Editor/Data/PlaybackEngines/WebGLSupport/UnityEditor.WebGL.Extensions.dll
Register platform support module: C:/Program Files/Unity/Hub/Editor/2020.2.1f1/Editor/Data/PlaybackEngines/WindowsStandaloneSupport/UnityEditor.WindowsStandalone.Extensions.dll
Registered in 0.001856 seconds.
Native extension for WindowsStandalone target not found
Native extension for WebGL target not found
Refreshing native plugins compatible for Editor in 21.44 ms, found 0 plugins.
Preloading 0 native plugins for Editor in 0.00 ms.
Invoked RoslynAnalysisRunner static constructor.
RoslynAnalysisRunner will not be running.
RoslynAnalysisRunner has terminated.
Mono: successfully reloaded assembly
- Completed reload, in  1.488 seconds
Platform modules already initialized, skipping
Registering precompiled user dll's ...
Registered in 0.000525 seconds.
Begin MonoManager ReloadAssembly
Native extension for WindowsStandalone target not found
Native extension for WebGL target not found
Refreshing native plugins compatible for Editor in 0.21 ms, found 0 plugins.
Preloading 0 native plugins for Editor in 0.00 ms.
Invoked RoslynAnalysisRunner static constructor.
RoslynAnalysisRunner will not be running.
RoslynAnalysisRunner has terminated.
Mono: successfully reloaded assembly
- Completed reload, in  0.621 seconds
Platform modules already initialized, skipping
========================================================================
Worker process is ready to serve import requests
Launched and connected shader compiler UnityShaderCompiler.exe after 0.03 seconds
Refreshing native plugins compatible for Editor in 0.21 ms, found 0 plugins.
Preloading 0 native plugins for Editor in 0.00 ms.
Unloading 1152 Unused Serialized files (Serialized files now loaded: 0)
System memory in use before: 59.5 MB.
System memory in use after: 59.5 MB.

Unloading 9 unused Assets to reduce memory usage. Loaded Objects now: 1595.
Total: 1.452000 ms (FindLiveObjects: 0.138600 ms CreateObjectMapping: 0.027600 ms MarkObjects: 1.239700 ms  DeleteObjects: 0.045300 ms)

========================================================================
Received Import Request.
  path: Assets/Scenes/Level_1.unity
  artifactKey: Guid(eefea7715b4d3443fbb682efdaadc974) Importer(815301076,1909f56bfc062723c751e8b465ee728b)
Start importing Assets/Scenes/Level_1.unity using Guid(eefea7715b4d3443fbb682efdaadc974) Importer(815301076,1909f56bfc062723c751e8b465ee728b)  -> (artifact id: '75745a79cf8fefdb38309553ab598a57') in 0.012580 seconds
  Import took 0.014324 seconds .

========================================================================
Received Import Request.
  Time since last request: 0.000156 seconds.
  path: Assets/Scenes/Level Select.unity
  artifactKey: Guid(b98e0441447b7884c87f058517b6de53) Importer(815301076,1909f56bfc062723c751e8b465ee728b)
Start importing Assets/Scenes/Level Select.unity using Guid(b98e0441447b7884c87f058517b6de53) Importer(815301076,1909f56bfc062723c751e8b465ee728b)  -> (artifact id: 'f74cdaba821e0e422a4af00eef44136b') in 0.005718 seconds
  Import took 0.007221 seconds .

========================================================================
Received Import Request.
  Time since last request: 2.538531 seconds.
  path: Assets/Scenes/Level_2.unity
  artifactKey: Guid(ed8d1a86579784088bb2850aca3fb456) Importer(815301076,1909f56bfc062723c751e8b465ee728b)
Start importing Assets/Scenes/Level_2.unity using Guid(ed8d1a86579784088bb2850aca3fb456) Importer(815301076,1909f56bfc062723c751e8b465ee728b)  -> (artifact id: '5354e6f8d77428f00068a23e35ec5982') in 0.005641 seconds
  Import took 0.007362 seconds .

========================================================================
Received Import Request.
  Time since last request: 0.000690 seconds.
  path: Assets/Scenes/Level_2.unity
  artifactKey: Guid(ed8d1a86579784088bb2850aca3fb456) Importer(815301076,1909f56bfc062723c751e8b465ee728b)
Start importing Assets/Scenes/Level_2.unity using Guid(ed8d1a86579784088bb2850aca3fb456) Importer(815301076,1909f56bfc062723c751e8b465ee728b)  -> (artifact id: '5354e6f8d77428f00068a23e35ec5982') in 0.002487 seconds
  Import took 0.004006 seconds .

========================================================================
Received Import Request.
  Time since last request: 5.639204 seconds.
  path: Assets/Scenes/Level_3.unity
  artifactKey: Guid(42a358a9035cdce45a5ba06395070479) Importer(815301076,1909f56bfc062723c751e8b465ee728b)
Start importing Assets/Scenes/Level_3.unity using Guid(42a358a9035cdce45a5ba06395070479) Importer(815301076,1909f56bfc062723c751e8b465ee728b)  -> (artifact id: 'e7e972177e6992b7465c0739959c77b8') in 0.006115 seconds
  Import took 0.008083 seconds .

========================================================================
Received Import Request.
  Time since last request: 2.153552 seconds.
  path: Assets/Scenes/Level_4.unity
  artifactKey: Guid(47e8cf431ffa4e346822606571982e03) Importer(815301076,1909f56bfc062723c751e8b465ee728b)
Start importing Assets/Scenes/Level_4.unity using Guid(47e8cf431ffa4e346822606571982e03) Importer(815301076,1909f56bfc062723c751e8b465ee728b)  -> (artifact id: '36e07bd5b719d474408e80e825c7dd7d') in 0.005841 seconds
  Import took 0.008496 seconds .

========================================================================
Received Import Request.
  Time since last request: 14.001414 seconds.
  path: Assets/Scenes/Boss_Fight.unity
  artifactKey: Guid(2ae34f71f5fe3ba43a81dcb97470fa8e) Importer(815301076,1909f56bfc062723c751e8b465ee728b)
Start importing Assets/Scenes/Boss_Fight.unity using Guid(2ae34f71f5fe3ba43a81dcb97470fa8e) Importer(815301076,1909f56bfc062723c751e8b465ee728b)  -> (artifact id: '2a636da01814f46530237437d7a594f1') in 0.006261 seconds
  Import took 0.007980 seconds .

========================================================================
Received Prepare
Registering precompiled user dll's ...
Registered in 0.000605 seconds.
Begin MonoManager ReloadAssembly
Native extension for WindowsStandalone target not found
Native extension for WebGL target not found
Refreshing native plugins compatible for Editor in 0.22 ms, found 0 plugins.
Preloading 0 native plugins for Editor in 0.00 ms.
Invoked RoslynAnalysisRunner static constructor.
RoslynAnalysisRunner will not be running.
RoslynAnalysisRunner has terminated.
Mono: successfully reloaded assembly
- Completed reload, in  0.588 seconds
Platform modules already initialized, skipping
Refreshing native plugins compatible for Editor in 0.21 ms, found 0 plugins.
Preloading 0 native plugins for Editor in 0.00 ms.
Unloading 1133 Unused Serialized files (Serialized files now loaded: 0)
System memory in use before: 58.5 MB.
System memory in use after: 58.6 MB.

Unloading 4 unused Assets to reduce memory usage. Loaded Objects now: 1597.
Total: 1.475900 ms (FindLiveObjects: 0.155000 ms CreateObjectMapping: 0.030300 ms MarkObjects: 1.278100 ms  DeleteObjects: 0.011700 ms)

========================================================================
Received Import Request.
  Time since last request: 42.654075 seconds.
  path: Assets/Scenes/Level Select.unity
  artifactKey: Guid(b98e0441447b7884c87f058517b6de53) Importer(815301076,1909f56bfc062723c751e8b465ee728b)
Start importing Assets/Scenes/Level Select.unity using Guid(b98e0441447b7884c87f058517b6de53) Importer(815301076,1909f56bfc062723c751e8b465ee728b)  -> (artifact id: '854e5748fd4e7ab38030e898f749b0fc') in 0.009851 seconds
  Import took 0.011714 seconds .

========================================================================
Received Import Request.
  Time since last request: 0.488524 seconds.
  path: Assets/Scenes/Level_1.unity
  artifactKey: Guid(eefea7715b4d3443fbb682efdaadc974) Importer(815301076,1909f56bfc062723c751e8b465ee728b)
Start importing Assets/Scenes/Level_1.unity using Guid(eefea7715b4d3443fbb682efdaadc974) Importer(815301076,1909f56bfc062723c751e8b465ee728b)  -> (artifact id: '6f89c40f4f73387d7d797397c517a127') in 0.002868 seconds
  Import took 0.004760 seconds .

AssetImportWorkerClient::OnTransportError - code=2 error=End of file
