Using pre-set license
Built from '2020.2/release' branch; Version is '2020.2.1f1 (270dd8c3da1c) revision 2559448'; Using compiler version '192528614'; Build Type 'Release'
OS: 'Windows 10  (10.0.0) 64bit' Language: 'pt' Physical Memory: 16334 MB
BatchMode: 1, IsHumanControllingUs: 0, StartBugReporterOnCrash: 0, Is64bit: 1, IsPro: 0

 COMMAND LINE ARGUMENTS:
C:\Program Files\Unity\Hub\Editor\2020.2.1f1\Editor\Unity.exe
-adb2
-batchMode
-noUpm
-name
AssetImportWorker0
-projectPath
C:/Users/Rui/Desktop/Proj_AC3/diabete
-logFile
Logs/AssetImportWorker0.log
-srvPort
50258
Successfully changed project path to: C:/Users/Rui/Desktop/Proj_AC3/diabete
C:/Users/Rui/Desktop/Proj_AC3/diabete
Using Asset Import Pipeline V2.
Refreshing native plugins compatible for Editor in 22.40 ms, found 0 plugins.
Preloading 0 native plugins for Editor in 0.00 ms.
Initialize engine version: 2020.2.1f1 (270dd8c3da1c)
[Subsystems] Discovering subsystems at path C:/Program Files/Unity/Hub/Editor/2020.2.1f1/Editor/Data/Resources/UnitySubsystems
[Subsystems] Discovering subsystems at path C:/Users/Rui/Desktop/Proj_AC3/diabete/Assets
GfxDevice: creating device client; threaded=0
Direct3D:
    Version:  Direct3D 11.0 [level 11.1]
    Renderer: NVIDIA GeForce GTX 1080 (ID=0x1b80)
    Vendor:   
    VRAM:     8079 MB
    Driver:   27.21.14.6140
Initialize mono
Mono path[0] = 'C:/Program Files/Unity/Hub/Editor/2020.2.1f1/Editor/Data/Managed'
Mono path[1] = 'C:/Program Files/Unity/Hub/Editor/2020.2.1f1/Editor/Data/MonoBleedingEdge/lib/mono/unityjit'
Mono config path = 'C:/Program Files/Unity/Hub/Editor/2020.2.1f1/Editor/Data/MonoBleedingEdge/etc'
Using monoOptions --debugger-agent=transport=dt_socket,embedding=1,server=y,suspend=n,address=127.0.0.1:56376
Begin MonoManager ReloadAssembly
Registering precompiled unity dll's ...
Register platform support module: C:/Program Files/Unity/Hub/Editor/2020.2.1f1/Editor/Data/PlaybackEngines/WebGLSupport/UnityEditor.WebGL.Extensions.dll
Register platform support module: C:/Program Files/Unity/Hub/Editor/2020.2.1f1/Editor/Data/PlaybackEngines/WindowsStandaloneSupport/UnityEditor.WindowsStandalone.Extensions.dll
Registered in 0.001992 seconds.
Native extension for WindowsStandalone target not found
Native extension for WebGL target not found
Refreshing native plugins compatible for Editor in 22.22 ms, found 0 plugins.
Preloading 0 native plugins for Editor in 0.00 ms.
Invoked RoslynAnalysisRunner static constructor.
RoslynAnalysisRunner will not be running.
RoslynAnalysisRunner has terminated.
Mono: successfully reloaded assembly
- Completed reload, in  1.498 seconds
Platform modules already initialized, skipping
Registering precompiled user dll's ...
Registered in 0.000463 seconds.
Begin MonoManager ReloadAssembly
Native extension for WindowsStandalone target not found
Native extension for WebGL target not found
Refreshing native plugins compatible for Editor in 0.20 ms, found 0 plugins.
Preloading 0 native plugins for Editor in 0.00 ms.
Invoked RoslynAnalysisRunner static constructor.
RoslynAnalysisRunner will not be running.
RoslynAnalysisRunner has terminated.
Mono: successfully reloaded assembly
- Completed reload, in  0.668 seconds
Platform modules already initialized, skipping
========================================================================
Worker process is ready to serve import requests
Launched and connected shader compiler UnityShaderCompiler.exe after 0.02 seconds
Refreshing native plugins compatible for Editor in 0.20 ms, found 0 plugins.
Preloading 0 native plugins for Editor in 0.00 ms.
Unloading 1152 Unused Serialized files (Serialized files now loaded: 0)
System memory in use before: 59.5 MB.
System memory in use after: 59.6 MB.

Unloading 9 unused Assets to reduce memory usage. Loaded Objects now: 1595.
Total: 1.424800 ms (FindLiveObjects: 0.148100 ms CreateObjectMapping: 0.025300 ms MarkObjects: 1.206800 ms  DeleteObjects: 0.043700 ms)

========================================================================
Received Import Request.
  path: Assets/Scenes/Level_4.unity
  artifactKey: Guid(47e8cf431ffa4e346822606571982e03) Importer(815301076,1909f56bfc062723c751e8b465ee728b)
Start importing Assets/Scenes/Level_4.unity using Guid(47e8cf431ffa4e346822606571982e03) Importer(815301076,1909f56bfc062723c751e8b465ee728b)  -> (artifact id: 'f921aa7690ed3e15826700baa89b1849') in 0.014260 seconds
  Import took 0.015982 seconds .

========================================================================
Received Import Request.
  Time since last request: 34.573162 seconds.
  path: Assets/Scenes/Level_3.unity
  artifactKey: Guid(42a358a9035cdce45a5ba06395070479) Importer(815301076,1909f56bfc062723c751e8b465ee728b)
Start importing Assets/Scenes/Level_3.unity using Guid(42a358a9035cdce45a5ba06395070479) Importer(815301076,1909f56bfc062723c751e8b465ee728b)  -> (artifact id: '53b15112f014b421228d40a75d076e63') in 0.005800 seconds
  Import took 0.007458 seconds .

========================================================================
Received Import Request.
  Time since last request: 86.533680 seconds.
  path: Assets/Scenes/Level_4.unity
  artifactKey: Guid(47e8cf431ffa4e346822606571982e03) Importer(815301076,1909f56bfc062723c751e8b465ee728b)
Start importing Assets/Scenes/Level_4.unity using Guid(47e8cf431ffa4e346822606571982e03) Importer(815301076,1909f56bfc062723c751e8b465ee728b)  -> (artifact id: '81cf8d7a141a9c0e999f2eba27656baa') in 0.002625 seconds
  Import took 0.004446 seconds .

========================================================================
Received Import Request.
  Time since last request: 124.062210 seconds.
  path: Assets/Scenes/Level_3.unity
  artifactKey: Guid(42a358a9035cdce45a5ba06395070479) Importer(815301076,1909f56bfc062723c751e8b465ee728b)
Start importing Assets/Scenes/Level_3.unity using Guid(42a358a9035cdce45a5ba06395070479) Importer(815301076,1909f56bfc062723c751e8b465ee728b)  -> (artifact id: '4629f93518e318f48d0e22832eacd384') in 0.002622 seconds
  Import took 0.004487 seconds .

========================================================================
Received Import Request.
  Time since last request: 670.443872 seconds.
  path: Assets/Scenes/New Scene.unity
  artifactKey: Guid(2ae34f71f5fe3ba43a81dcb97470fa8e) Importer(815301076,1909f56bfc062723c751e8b465ee728b)
Start importing Assets/Scenes/New Scene.unity using Guid(2ae34f71f5fe3ba43a81dcb97470fa8e) Importer(815301076,1909f56bfc062723c751e8b465ee728b)  -> (artifact id: '7454640d3aeaf584d7a8333ca354f5b7') in 0.007758 seconds
  Import took 0.009885 seconds .

========================================================================
Received Import Request.
  Time since last request: 8.605460 seconds.
  path: Assets/Scenes/Boss_Fight.unity
  artifactKey: Guid(2ae34f71f5fe3ba43a81dcb97470fa8e) Importer(815301076,1909f56bfc062723c751e8b465ee728b)
Start importing Assets/Scenes/Boss_Fight.unity using Guid(2ae34f71f5fe3ba43a81dcb97470fa8e) Importer(815301076,1909f56bfc062723c751e8b465ee728b)  -> (artifact id: 'd61d50eea9c946929d712dc9983a12cd') in 0.006065 seconds
  Import took 0.007850 seconds .

========================================================================
Received Import Request.
  Time since last request: 377.911240 seconds.
  path: Assets/Scenes/Level_4.unity
  artifactKey: Guid(47e8cf431ffa4e346822606571982e03) Importer(815301076,1909f56bfc062723c751e8b465ee728b)
Start importing Assets/Scenes/Level_4.unity using Guid(47e8cf431ffa4e346822606571982e03) Importer(815301076,1909f56bfc062723c751e8b465ee728b)  -> (artifact id: '878412e6b11d6655ef1b6769801d3d4a') in 0.002871 seconds
  Import took 0.004890 seconds .

AssetImportWorkerClient::OnTransportError - code=2 error=End of file
